<?xml version="1.0" encoding="UTF-8"?>
<testng-results ignored="0" total="1" passed="1" failed="0" skipped="0">
  <reporter-output>
  </reporter-output>
  <suite started-at="2021-11-09T13:45:26Z" name="Default suite" finished-at="2021-11-09T13:45:28Z" duration-ms="1715">
    <groups>
    </groups>
    <test started-at="2021-11-09T13:45:26Z" name="Default test" finished-at="2021-11-09T13:45:28Z" duration-ms="1715">
      <class name="TestCases.TestCaseClass">
        <test-method is-config="true" signature="initializeTestBaseSetup()[pri:0, instance:TestCases.TestCaseClass@18271936]" started-at="2021-11-09T19:15:23Z" name="initializeTestBaseSetup" finished-at="2021-11-09T19:15:26Z" duration-ms="2873" status="PASS">
          <reporter-output>
          </reporter-output>
        </test-method> <!-- initializeTestBaseSetup -->
        <test-method is-config="true" signature="setUp()[pri:0, instance:TestCases.TestCaseClass@18271936]" started-at="2021-11-09T19:15:26Z" name="setUp" finished-at="2021-11-09T19:15:26Z" duration-ms="0" status="PASS">
          <reporter-output>
          </reporter-output>
        </test-method> <!-- setUp -->
        <test-method signature="runTheTest()[pri:0, instance:TestCases.TestCaseClass@18271936]" started-at="2021-11-09T19:15:26Z" name="runTheTest" finished-at="2021-11-09T19:15:28Z" duration-ms="1703" status="PASS">
          <reporter-output>
          </reporter-output>
        </test-method> <!-- runTheTest -->
        <test-method is-config="true" signature="tearDown()[pri:0, instance:TestCases.TestCaseClass@18271936]" started-at="2021-11-09T19:15:28Z" name="tearDown" finished-at="2021-11-09T19:15:28Z" duration-ms="135" status="PASS">
          <reporter-output>
          </reporter-output>
        </test-method> <!-- tearDown -->
      </class> <!-- TestCases.TestCaseClass -->
    </test> <!-- Default test -->
  </suite> <!-- Default suite -->
</testng-results>
